JvmtiExport can_access_local_variables 0
JvmtiExport can_hotswap_or_post_breakpoint 0
JvmtiExport can_post_on_exceptions 0
# 128 ciObject found
ciMethod java/lang/Object hashCode ()I 2049 1 256 0 -1
ciMethod java/lang/Object equals (Ljava/lang/Object;)Z 2193 1 7749 0 -1
ciMethod java/lang/Object toString ()Ljava/lang/String; 17 1 2 0 -1
ciMethod java/lang/String length ()I 4097 1 16427 0 -1
ciMethod java/lang/String charAt (I)C 4097 1 50772 0 -1
ciMethod java/lang/String startsWith (Ljava/lang/String;I)Z 2329 1073 5529 0 224
ciMethod java/lang/String endsWith (Ljava/lang/String;)Z 2889 1 95383 0 224
ciMethod java/lang/String indexOf (I)I 2073 1 10761 0 -1
ciMethod java/lang/String substring (II)Ljava/lang/String; 2121 1 5394 0 -1
ciMethod java/lang/String replace (Ljava/lang/CharSequence;Ljava/lang/CharSequence;)Ljava/lang/String; 0 0 2 0 -1
ciMethod java/lang/String toString ()Ljava/lang/String; 2177 1 1305 0 0
ciMethod java/lang/StringBuilder <init> ()V 1081 1 6429 0 -1
ciMethod java/lang/StringBuilder append (Ljava/lang/String;)Ljava/lang/StringBuilder; 2137 1 10289 0 -1
ciMethod java/lang/StringBuilder toString ()Ljava/lang/String; 1105 1 6514 0 -1
ciMethod java/lang/Character toUpperCase (C)C 2337 1 4508 0 -1
ciMethod java/lang/Integer toString (I)Ljava/lang/String; 0 0 33 0 -1
ciMethod java/util/HashMap hash (Ljava/lang/Object;)I 2105 1 38096 0 160
ciMethod java/util/HashMap get (Ljava/lang/Object;)Ljava/lang/Object; 2049 1 15517 0 608
ciMethod java/util/HashMap getNode (ILjava/lang/Object;)Ljava/util/HashMap$Node; 2105 25 5418 0 512
ciMethod java/util/HashMap$TreeNode getTreeNode (ILjava/lang/Object;)Ljava/util/HashMap$TreeNode; 0 0 1 0 -1
ciMethodData java/util/HashMap hash (Ljava/lang/Object;)I 2 38096 orig 144 104 11 15 95 0 0 0 0 176 121 212 20 0 0 0 0 16 1 0 0 32 0 0 0 0 0 0 0 0 0 0 0 0 0 0 0 0 0 0 0 0 0 0 0 0 0 0 0 0 0 0 0 0 0 0 0 0 0 0 0 0 0 0 0 17 0 0 0 0 0 0 0 0 0 0 0 0 0 0 0 0 0 0 0 0 0 0 0 0 0 0 0 0 0 0 0 7 1 0 0 73 158 4 0 1 0 0 0 0 0 0 0 0 0 0 0 0 0 6 0 4 0 1 0 104 0 0 0 255 255 255 255 0 0 0 0 7 0 1 0 0 0 0 0 data 13 0x10007 0x9358 0x38 0x71 0x50003 0x71 0x48 0x90005 0x418c 0x2926a30 0x41d0 0x17888210 0x30 oops 2 9 java/lang/String 11 java/io/File
ciMethodData java/lang/String startsWith (Ljava/lang/String;I)Z 2 9341 orig 144 104 11 15 95 0 0 0 0 120 77 198 20 0 0 0 0 56 1 0 0 32 0 0 0 0 0 0 0 0 0 0 0 0 0 0 0 0 0 0 0 0 0 0 0 0 0 0 0 0 0 0 0 0 0 0 0 0 0 0 0 0 0 0 0 0 0 0 0 0 0 0 0 0 0 0 0 0 0 0 0 0 0 0 0 0 0 0 0 0 0 0 0 0 0 0 0 35 1 0 0 177 163 0 0 185 31 1 0 0 0 0 0 0 0 0 0 1 0 13 0 4 0 1 0 128 0 0 0 255 255 255 255 0 0 0 0 7 0 25 0 0 0 0 0 data 16 0x190007 0x27 0x40 0x144f 0x250007 0x12f8 0x20 0x157 0x2f0007 0x1b1 0x40 0x23fc 0x410007 0x12b5 0xffffffffffffffe0 0x1147 oops 0
ciMethodData java/util/HashMap getNode (ILjava/lang/Object;)Ljava/util/HashMap$Node; 2 5418 orig 144 104 11 15 95 0 0 0 0 96 131 212 20 0 0 0 0 112 3 0 0 176 1 0 0 0 0 0 0 0 0 0 0 0 0 0 0 0 0 0 0 0 0 0 0 0 0 0 0 0 0 0 0 0 0 0 0 0 0 0 0 0 0 0 0 0 0 0 0 0 0 0 0 0 0 0 0 0 0 0 0 0 0 0 0 0 0 0 0 0 0 0 0 0 0 0 0 7 1 0 0 25 161 0 0 241 6 0 0 0 0 0 0 0 0 0 0 1 0 37 0 4 0 1 0 176 2 0 0 255 255 255 255 0 0 0 0 7 0 6 0 0 0 0 0 data 86 0x60007 0x172 0x2b0 0x12b1 0xe0007 0x0 0x290 0x12b1 0x1c0007 0x3f9 0x270 0xeb8 0x250007 0x620 0xb0 0x898 0x310007 0x5ec 0x90 0x2ac 0x350007 0x0 0x70 0x2ac 0x3b0005 0x113 0x2926a30 0x195 0x17888210 0x4 0x3e0007 0x0 0x20 0x2ac 0x4c0007 0x389 0x1a0 0x297 0x510004 0xfffffffffffffd69 0x0 0x0 0x0 0x0 0x540007 0x297 0x80 0x0 0x590004 0x0 0x0 0x0 0x0 0x0 0x5e0005 0x0 0x0 0x0 0x0 0x0 0x680007 0xde 0xb0 0x212 0x740007 0x1a0 0x90 0x72 0x780007 0x0 0x70 0x72 0x7e0005 0x2c 0x17888210 0x2 0x2926a30 0x44 0x810007 0x0 0x20 0x72 0x8f0007 0x59 0xffffffffffffff50 0x85 oops 4 26 java/lang/String 28 java/io/File 74 java/io/File 76 java/lang/String
ciMethodData java/util/HashMap get (Ljava/lang/Object;)Ljava/lang/Object; 2 15523 orig 144 104 11 15 95 0 0 0 0 48 130 212 20 0 0 0 0 40 1 0 0 0 0 0 0 0 0 0 0 0 0 0 0 0 0 0 0 0 0 0 0 0 0 0 0 0 0 0 0 0 0 0 0 0 0 0 0 0 0 0 0 0 0 0 0 0 0 0 0 0 0 0 0 0 0 0 0 0 0 0 0 0 0 0 0 0 0 0 0 0 0 0 0 0 0 0 0 0 1 0 0 25 221 1 0 1 0 0 0 0 0 0 0 0 0 0 0 0 0 10 0 4 0 1 0 120 0 0 0 255 255 255 255 0 0 0 0 2 0 2 0 0 0 0 0 data 15 0x20002 0x3ba3 0x60005 0x3 0x18a66040 0x12d4 0x18a62f10 0x28cc 0xb0007 0xae3 0x38 0x30c0 0xf0003 0x30c0 0x18 oops 2 4 java/util/HashMap 6 javax/swing/UIDefaults$TextAndMnemonicHashMap
ciMethod javax/swing/UIDefaults$TextAndMnemonicHashMap get (Ljava/lang/Object;)Ljava/lang/Object; 2353 1 10535 0 -1
ciMethod javax/swing/UIDefaults$TextAndMnemonicHashMap composeKey (Ljava/lang/String;ILjava/lang/String;)Ljava/lang/String; 0 0 4 0 0
ciMethod javax/swing/UIDefaults$TextAndMnemonicHashMap getTextFromProperty (Ljava/lang/String;)Ljava/lang/String; 0 0 2 0 0
ciMethod javax/swing/UIDefaults$TextAndMnemonicHashMap getMnemonicFromProperty (Ljava/lang/String;)Ljava/lang/String; 0 0 2 0 0
ciMethod javax/swing/UIDefaults$TextAndMnemonicHashMap getIndexFromProperty (Ljava/lang/String;)Ljava/lang/String; 0 0 1 0 0
ciMethodData java/lang/String endsWith (Ljava/lang/String;)Z 2 95428 orig 144 104 11 15 95 0 0 0 0 176 78 198 20 0 0 0 0 224 0 0 0 0 0 0 0 0 0 0 0 0 0 0 0 0 0 0 0 0 0 0 0 0 0 0 0 0 0 0 0 0 0 0 0 0 0 0 0 0 0 0 0 0 0 0 0 0 0 0 0 0 0 0 0 0 0 0 0 0 0 0 0 0 0 0 0 0 0 0 0 0 0 0 0 0 0 0 0 105 1 0 0 217 154 11 0 1 0 0 0 0 0 0 0 0 0 0 0 0 0 3 0 4 0 1 0 48 0 0 0 255 255 255 255 0 0 0 0 5 0 13 0 0 0 0 0 data 6 0xd0005 0x78 0x2926a30 0x172e3 0x0 0x0 oops 1 2 java/lang/String
ciMethodData java/lang/String toString ()Ljava/lang/String; 2 1305 orig 144 104 11 15 95 0 0 0 0 184 109 198 20 0 0 0 0 168 0 0 0 0 0 0 0 0 0 0 0 0 0 0 0 0 0 0 0 0 0 0 0 0 0 0 0 0 0 0 0 0 0 0 0 0 0 0 0 0 0 0 0 0 0 0 0 0 0 0 0 0 0 0 0 0 0 0 0 0 0 0 0 0 0 0 0 0 0 0 0 0 0 0 0 0 0 0 0 16 1 0 0 73 32 0 0 1 0 0 0 0 0 0 0 0 0 0 0 0 0 3 0 3 0 0 0 0 0 0 0 255 255 255 255 0 0 0 0 0 0 0 0 0 0 0 0 data 0 oops 0
ciMethodData javax/swing/UIDefaults$TextAndMnemonicHashMap get (Ljava/lang/Object;)Ljava/lang/Object; 2 10537 orig 144 104 11 15 95 0 0 0 0 64 186 35 21 0 0 0 0 0 9 0 0 240 5 0 0 1 0 0 0 0 0 0 0 0 0 0 0 0 0 0 0 0 0 0 0 0 0 0 0 0 0 1 0 0 0 0 0 0 0 0 0 0 0 0 0 0 0 0 0 0 0 0 0 0 0 0 0 0 0 0 0 0 0 0 0 0 0 0 0 0 0 0 0 0 0 0 0 38 1 0 0 25 64 1 0 1 0 0 0 52 20 0 0 0 0 0 0 0 0 95 0 4 0 1 0 64 8 0 0 255 255 255 255 0 0 0 0 2 0 2 0 0 0 0 0 data 264 0x20002 0x2803 0x70007 0x0 0x830 0x2803 0xd0005 0x0 0x2926a30 0x2803 0x0 0x0 0x190005 0x6b 0x2926a30 0x2798 0x0 0x0 0x1c0007 0x2803 0x20 0x0 0x250005 0x6b 0x2926a30 0x2798 0x0 0x0 0x280007 0x2803 0x68 0x0 0x320005 0x0 0x0 0x0 0x0 0x0 0x370003 0x0 0x130 0x3e0005 0x6b 0x2926a30 0x2798 0x0 0x0 0x410007 0x2803 0x68 0x0 0x4b0005 0x0 0x0 0x0 0x0 0x0 0x500003 0x0 0x98 0x570005 0x6b 0x2926a30 0x2798 0x0 0x0 0x5a0007 0x2801 0x50 0x2 0x640005 0x0 0x18a62f10 0x2 0x0 0x0 0x6d0007 0x2801 0x148 0x2 0x730002 0x2 0x780007 0x2 0x80 0x0 0x7c0007 0x0 0x60 0x0 0x860005 0x0 0x0 0x0 0x0 0x0 0x8e0002 0x0 0x930007 0x2 0x38 0x0 0x970003 0x0 0x78 0x9c0005 0x0 0x2926a30 0x2 0x0 0x0 0x9f0005 0x0 0x18a62f10 0x2 0x0 0x0 0xa70005 0x69 0x2926a30 0x2798 0x0 0x0 0xaa0007 0x2801 0x68 0x0 0xb40005 0x0 0x0 0x0 0x0 0x0 0xb90003 0x0 0x1c8 0xc00005 0x69 0x2926a30 0x2798 0x0 0x0 0xc30007 0x2801 0x68 0x0 0xcd0005 0x0 0x0 0x0 0x0 0x0 0xd20003 0x0 0x130 0xd90005 0x69 0x2926a30 0x2798 0x0 0x0 0xdc0007 0x2800 0x68 0x1 0xe50005 0x0 0x18a62f10 0x1 0x0 0x0 0xea0003 0x1 0x98 0xf10005 0x68 0x2926a30 0x2798 0x0 0x0 0xf40007 0x2800 0x50 0x0 0xfd0005 0x0 0x0 0x0 0x0 0x0 0x1040007 0x2800 0xc8 0x2 0x10a0002 0x2 0x10f0007 0x2 0x38 0x0 0x1130003 0x0 0x78 0x1180005 0x0 0x2926a30 0x2 0x0 0x0 0x11b0005 0x0 0x18a62f10 0x2 0x0 0x0 0x1230005 0x68 0x2926a30 0x2798 0x0 0x0 0x1260007 0x2800 0x158 0x0 0x1300005 0x0 0x0 0x0 0x0 0x0 0x1380002 0x0 0x13d0007 0x0 0x60 0x0 0x1470005 0x0 0x0 0x0 0x0 0x0 0x14f0002 0x0 0x1540007 0x0 0x38 0x0 0x1580003 0x0 0x78 0x15d0005 0x0 0x0 0x0 0x0 0x0 0x1600005 0x0 0x0 0x0 0x0 0x0 oops 16 8 java/lang/String 14 java/lang/String 24 java/lang/String 43 java/lang/String 62 java/lang/String 72 javax/swing/UIDefaults$TextAndMnemonicHashMap 107 java/lang/String 113 javax/swing/UIDefaults$TextAndMnemonicHashMap 119 java/lang/String 138 java/lang/String 157 java/lang/String 167 javax/swing/UIDefaults$TextAndMnemonicHashMap 176 java/lang/String 205 java/lang/String 211 javax/swing/UIDefaults$TextAndMnemonicHashMap 217 java/lang/String
instanceKlass sun/awt/windows/WToolkit$5
instanceKlass javax/swing/JOptionPane$1
instanceKlass java/awt/GridBagLayoutInfo
instanceKlass javax/swing/SizeRequirements
instanceKlass javax/sound/sampled/LineListener
instanceKlass javax/swing/KeyboardManager$ComponentKeyStrokePair
instanceKlass javax/swing/plaf/basic/BasicOptionPaneUI$Handler
instanceKlass org/jvnet/lafwidget/animation/FadeAccelerationStep
instanceKlass javax/swing/plaf/basic/BasicOptionPaneUI$2
instanceKlass javax/swing/plaf/basic/BasicOptionPaneUI$ButtonActionListener
instanceKlass java/util/regex/Matcher
instanceKlass java/util/regex/MatchResult
instanceKlass java/util/regex/Pattern$TreeInfo
instanceKlass java/util/regex/Pattern$Node
instanceKlass java/util/regex/Pattern
instanceKlass javax/swing/plaf/basic/BasicOptionPaneUI$ButtonFactory
instanceKlass javax/swing/plaf/basic/BasicOptionPaneUI$ButtonAreaLayout
instanceKlass org/jvnet/substance/utils/icon/GlowingIcon
instanceKlass java/awt/GridBagConstraints
instanceKlass java/awt/GridBagLayout
instanceKlass javax/swing/BoxLayout
instanceKlass CapaNegocio/Errores
instanceKlass com/mysql/jdbc/NetworkResources
instanceKlass com/mysql/jdbc/LicenseConfiguration
instanceKlass java/util/Collections$UnmodifiableMap$UnmodifiableEntrySet$UnmodifiableEntry
instanceKlass java/util/Collections$UnmodifiableMap$UnmodifiableEntrySet$1
instanceKlass com/mysql/jdbc/EscapeProcessor
instanceKlass com/mysql/jdbc/exceptions/DeadlockTimeoutRollbackMarker
instanceKlass com/mysql/jdbc/SQLError
instanceKlass java/sql/ResultSetMetaData
instanceKlass com/mysql/jdbc/RowDataStatic
instanceKlass com/mysql/jdbc/Constants
instanceKlass com/mysql/jdbc/MysqlDefs
instanceKlass com/mysql/jdbc/Field
instanceKlass java/util/TimerTask
instanceKlass com/mysql/jdbc/SingleByteCharsetConverter
instanceKlass sun/nio/cs/Surrogate
instanceKlass sun/nio/cs/Surrogate$Parser
instanceKlass com/mysql/jdbc/Security
instanceKlass com/mysql/jdbc/authentication/MysqlClearPasswordPlugin
instanceKlass com/mysql/jdbc/authentication/MysqlNativePasswordPlugin
instanceKlass com/mysql/jdbc/authentication/MysqlOldPasswordPlugin
instanceKlass java/net/Socket$3
instanceKlass java/net/Socket$2
instanceKlass sun/net/NetHooks
instanceKlass java/net/Proxy
instanceKlass sun/net/spi/DefaultProxySelector$3
instanceKlass sun/net/spi/DefaultProxySelector$NonProxyInfo
instanceKlass sun/net/NetProperties$1
instanceKlass sun/net/NetProperties
instanceKlass sun/net/spi/DefaultProxySelector$1
instanceKlass java/net/ProxySelector
instanceKlass java/net/SocksSocketImpl$3
instanceKlass java/net/PlainSocketImpl$1
instanceKlass java/net/AbstractPlainSocketImpl$1
instanceKlass java/net/SocketImpl
instanceKlass java/net/SocketOptions
instanceKlass java/net/SocksConsts
instanceKlass java/net/InetSocketAddress$InetSocketAddressHolder
instanceKlass java/net/SocketImplFactory
instanceKlass java/nio/channels/NetworkChannel
instanceKlass java/net/SocketAddress
instanceKlass java/net/Socket
instanceKlass com/mysql/jdbc/Buffer
instanceKlass com/mysql/jdbc/authentication/Sha256PasswordPlugin
instanceKlass com/mysql/jdbc/AuthenticationPlugin
instanceKlass com/mysql/jdbc/StreamingNotifiable
instanceKlass com/mysql/jdbc/ResultSetImpl
instanceKlass com/mysql/jdbc/MysqlIO
instanceKlass java/util/TreeMap$PrivateEntryIterator
instanceKlass java/util/NavigableSet
instanceKlass java/util/SortedSet
instanceKlass com/mysql/jdbc/RowData
instanceKlass com/mysql/jdbc/ResultSetRow
instanceKlass com/mysql/jdbc/DatabaseMetaData$IteratorWithCleanup
instanceKlass com/mysql/jdbc/DatabaseMetaData
instanceKlass com/mysql/jdbc/log/LogFactory
instanceKlass com/mysql/jdbc/Collation
instanceKlass com/mysql/jdbc/VersionedStringProperty
instanceKlass com/mysql/jdbc/CharsetMapping
instanceKlass com/mysql/jdbc/StandardSocketFactory
instanceKlass com/mysql/jdbc/SocketMetadata
instanceKlass com/mysql/jdbc/SocketFactory
instanceKlass com/mysql/jdbc/PerConnectionLRUFactory
instanceKlass java/util/Locale$1
instanceKlass com/mysql/jdbc/PerVmServerConfigCacheFactory
instanceKlass com/mysql/jdbc/CacheAdapterFactory
instanceKlass javax/naming/RefAddr
instanceKlass java/sql/SQLXML
instanceKlass java/sql/Blob
instanceKlass com/mysql/jdbc/log/NullLogger
instanceKlass com/mysql/jdbc/ConnectionPropertiesImpl$ConnectionProperty
instanceKlass com/mysql/jdbc/log/StandardLogger
instanceKlass com/mysql/jdbc/log/Log
instanceKlass java/sql/DatabaseMetaData
instanceKlass java/sql/CallableStatement
instanceKlass java/sql/Savepoint
instanceKlass com/mysql/jdbc/ResultSetInternalMethods
instanceKlass java/sql/ResultSet
instanceKlass com/mysql/jdbc/StatementInterceptorV2
instanceKlass com/mysql/jdbc/ExceptionInterceptor
instanceKlass com/mysql/jdbc/Extension
instanceKlass com/mysql/jdbc/StatementImpl
instanceKlass com/mysql/jdbc/Statement
instanceKlass java/sql/PreparedStatement
instanceKlass java/sql/Statement
instanceKlass com/mysql/jdbc/IterateBlock
instanceKlass com/mysql/jdbc/ConnectionPropertiesImpl
instanceKlass com/mysql/jdbc/MySQLConnection
instanceKlass com/mysql/jdbc/Connection
instanceKlass com/mysql/jdbc/ConnectionProperties
instanceKlass java/lang/Throwable$PrintStreamOrWriter
instanceKlass java/util/zip/ZipFile$ZipEntryIterator
instanceKlass java/util/jar/JarFile$JarEntryIterator
instanceKlass com/mysql/jdbc/Messages
instanceKlass java/sql/NClob
instanceKlass java/sql/Clob
instanceKlass java/lang/reflect/TypeVariable
instanceKlass java/lang/reflect/AnnotatedType
instanceKlass java/io/Console
instanceKlass com/mysql/jdbc/Util
instanceKlass java/math/MathContext
instanceKlass com/mysql/jdbc/StringUtils
instanceKlass java/util/concurrent/CopyOnWriteArrayList$COWIterator
instanceKlass java/sql/DriverInfo
instanceKlass java/sql/DriverManager$2
instanceKlass java/sql/DriverManager$1
instanceKlass java/util/concurrent/CopyOnWriteArrayList
instanceKlass java/sql/DriverManager
instanceKlass java/sql/Connection
instanceKlass java/sql/Wrapper
instanceKlass com/mysql/jdbc/NonRegisteringDriver
instanceKlass java/sql/Driver
instanceKlass CapaDatos/Conexion
instanceKlass CapaDatos/InteraccionBD
instanceKlass CapaNegocio/CDoctor
instanceKlass Encapsulamiento/EDoctor
instanceKlass sun/awt/DefaultMouseInfoPeer
instanceKlass java/awt/peer/MouseInfoPeer
instanceKlass java/awt/MouseInfo
instanceKlass org/jvnet/substance/SubstanceRootPaneUI$1$2$1
instanceKlass sun/awt/SunToolkit$1
instanceKlass java/awt/KeyboardFocusManager$2
instanceKlass java/awt/Window$1DisposeAction
instanceKlass java/awt/LightweightDispatcher$2
instanceKlass sun/awt/geom/Edge
instanceKlass sun/awt/geom/ChainEnd
instanceKlass sun/awt/geom/CurveLink
instanceKlass sun/awt/geom/AreaOp$1
instanceKlass sun/awt/geom/AreaOp
instanceKlass java/awt/geom/Area
instanceKlass java/awt/geom/RectIterator
instanceKlass java/awt/WaitDispatchSupport$4
instanceKlass java/awt/WaitDispatchSupport$2
instanceKlass java/awt/WaitDispatchSupport$1
instanceKlass java/awt/WaitDispatchSupport$5
instanceKlass java/awt/WaitDispatchSupport
instanceKlass java/awt/SecondaryLoop
instanceKlass java/awt/Dialog$3
instanceKlass java/awt/Dialog$1
instanceKlass java/awt/ModalEventFilter$1
instanceKlass java/awt/peer/FileDialogPeer
instanceKlass sun/awt/util/IdentityLinkedList$ListItr
instanceKlass java/awt/Dialog$4
instanceKlass sun/awt/util/IdentityLinkedList$Entry
instanceKlass java/awt/image/FilteredImageSource
instanceKlass java/awt/image/ImageFilter
instanceKlass sun/awt/image/JPEGImageDecoder$1
instanceKlass java/awt/peer/DialogPeer
instanceKlass org/jvnet/substance/SubstancePasswordFieldUI$1$1
instanceKlass org/jvnet/substance/SubstanceTextFieldUI$1$1
instanceKlass java/awt/event/ComponentAdapter
instanceKlass java/awt/event/WindowAdapter
instanceKlass javax/swing/event/UndoableEditListener
instanceKlass javax/swing/text/DefaultCaret$1
instanceKlass javax/swing/text/AbstractDocument$UndoRedoDocumentEvent
instanceKlass javax/swing/event/DocumentEvent$ElementChange
instanceKlass javax/swing/event/DocumentEvent$EventType
instanceKlass javax/swing/event/DocumentEvent
instanceKlass javax/swing/undo/AbstractUndoableEdit
instanceKlass javax/swing/undo/UndoableEdit
instanceKlass javax/swing/JComponent$ActionStandin
instanceKlass sun/awt/ModalExclude
instanceKlass javax/swing/KeyboardManager
instanceKlass javax/swing/JComponent$IntVector
instanceKlass javax/swing/JComponent$KeyboardState
instanceKlass java/awt/KeyboardFocusManager$5
instanceKlass javax/swing/Autoscroller
instanceKlass org/jvnet/substance/utils/SubstanceCoreUtilities$1$2
instanceKlass org/jvnet/lafwidget/animation/FadeTracker$2
instanceKlass org/jvnet/substance/utils/SubstanceCoreUtilities$1$1
instanceKlass org/jvnet/lafwidget/animation/FadeTracker$1
instanceKlass java/lang/reflect/WeakCache$Value
instanceKlass sun/misc/ProxyGenerator$ExceptionTableEntry
instanceKlass sun/misc/ProxyGenerator$PrimitiveTypeInfo
instanceKlass sun/misc/ProxyGenerator$FieldInfo
instanceKlass sun/misc/ProxyGenerator$ConstantPool$Entry
instanceKlass sun/misc/ProxyGenerator$MethodInfo
instanceKlass java/lang/Class$MethodArray
instanceKlass sun/misc/ProxyGenerator$ProxyMethod
instanceKlass sun/misc/ProxyGenerator$ConstantPool
instanceKlass sun/misc/ProxyGenerator
instanceKlass java/lang/reflect/WeakCache$Factory
instanceKlass java/util/function/Supplier
instanceKlass java/lang/reflect/Proxy$ProxyClassFactory
instanceKlass java/lang/reflect/Proxy$KeyFactory
instanceKlass java/util/function/BiFunction
instanceKlass java/lang/reflect/WeakCache
instanceKlass java/lang/reflect/Proxy
instanceKlass sun/reflect/annotation/AnnotationInvocationHandler
instanceKlass java/lang/reflect/InvocationHandler
instanceKlass sun/reflect/annotation/AnnotationParser$1
instanceKlass sun/reflect/annotation/ExceptionProxy
instanceKlass java/lang/annotation/Target
instanceKlass java/lang/annotation/Inherited
instanceKlass java/lang/annotation/Retention
instanceKlass sun/reflect/annotation/AnnotationType$1
instanceKlass java/lang/reflect/GenericArrayType
instanceKlass sun/reflect/generics/visitor/Reifier
instanceKlass sun/reflect/generics/visitor/TypeTreeVisitor
instanceKlass sun/reflect/generics/factory/CoreReflectionFactory
instanceKlass sun/reflect/generics/factory/GenericsFactory
instanceKlass sun/reflect/generics/scope/AbstractScope
instanceKlass sun/reflect/generics/scope/Scope
instanceKlass sun/reflect/generics/tree/ClassTypeSignature
instanceKlass sun/reflect/generics/tree/SimpleClassTypeSignature
instanceKlass sun/reflect/generics/tree/FieldTypeSignature
instanceKlass sun/reflect/generics/tree/BaseType
instanceKlass sun/reflect/generics/tree/TypeSignature
instanceKlass sun/reflect/generics/tree/ReturnType
instanceKlass sun/reflect/generics/tree/TypeArgument
instanceKlass sun/reflect/generics/tree/TypeTree
instanceKlass sun/reflect/generics/tree/Tree
instanceKlass sun/reflect/generics/parser/SignatureParser
instanceKlass sun/reflect/annotation/AnnotationParser
instanceKlass org/jvnet/lafwidget/animation/RunOnEDT
instanceKlass org/jvnet/lafwidget/animation/effects/GhostPaintingUtils
instanceKlass java/awt/AWTEvent$2
instanceKlass java/awt/Toolkit$SelectiveAWTEventListener
instanceKlass java/awt/LightweightDispatcher$1
instanceKlass java/awt/Container$MouseEventTargetFilter
instanceKlass java/awt/Container$EventTargetFilter
instanceKlass java/awt/Cursor$CursorDisposer
instanceKlass sun/awt/geom/Curve
instanceKlass javax/swing/Timer$1
instanceKlass org/jvnet/lafwidget/text/SelectAllOnFocusGainWidget$1$1
instanceKlass org/jvnet/lafwidget/animation/FadeState
instanceKlass org/jvnet/lafwidget/animation/FadeConstantStep
instanceKlass org/jvnet/lafwidget/utils/LafConstants$AnimationKind
instanceKlass org/jvnet/lafwidget/LafWidgetUtilities
instanceKlass javax/swing/TimerQueue$DelayedTimer
instanceKlass java/util/concurrent/Delayed
instanceKlass java/text/AttributedString$AttributedStringIterator
instanceKlass java/text/AttributedCharacterIterator
instanceKlass java/text/AttributedString
instanceKlass sun/awt/im/CompositionAreaHandler
instanceKlass javax/swing/text/JTextComponent$InputMethodRequestsHandler
instanceKlass sun/util/locale/InternalLocaleBuilder$CaseInsensitiveChar
instanceKlass sun/util/locale/InternalLocaleBuilder
instanceKlass sun/util/locale/StringTokenIterator
instanceKlass sun/util/locale/ParseStatus
instanceKlass sun/awt/im/InputMethodAdapter
instanceKlass java/awt/im/spi/InputMethod
instanceKlass java/awt/im/spi/InputMethodContext
instanceKlass java/awt/im/InputMethodRequests
instanceKlass java/awt/im/InputContext
instanceKlass java/awt/KeyboardFocusManager$3
instanceKlass org/jvnet/substance/utils/ButtonBackgroundDelegate$ButtonBackground
instanceKlass org/jvnet/substance/utils/SoftHashMap$1
instanceKlass org/jvnet/substance/border/InnerDelegateBorderPainter$1
instanceKlass java/awt/GradientPaintContext
instanceKlass sun/java2d/pipe/SpanClipRenderer$SCRcontext
instanceKlass java/awt/GradientPaint
instanceKlass javax/swing/MenuSelectionManager
instanceKlass org/jvnet/substance/utils/PulseTracker
instanceKlass org/jvnet/substance/text/TextUtilities
instanceKlass java/awt/geom/RoundRectIterator
instanceKlass org/jvnet/substance/SubstancePasswordFieldUI$SubstancePasswordView$2
instanceKlass org/jvnet/substance/utils/SubstanceCoreUtilities$5
instanceKlass org/jvnet/substance/painter/text/AbstractTextPainter$TextLineInfo
instanceKlass org/jvnet/lafwidget/animation/FadeTracker$ComponentId
instanceKlass org/jvnet/lafwidget/animation/FadeTracker
instanceKlass org/jvnet/substance/utils/SubstanceFadeUtilities
instanceKlass java/awt/print/PrinterGraphics
instanceKlass java/awt/PrintGraphics
instanceKlass org/jvnet/lafwidget/utils/RenderingUtils
instanceKlass org/jvnet/lafwidget/layout/TransitionLayout
instanceKlass sun/java2d/opengl/OGLGraphicsConfig
instanceKlass sun/awt/SunGraphicsCallback
instanceKlass sun/java2d/pipe/hw/AccelSurface
instanceKlass javax/swing/RepaintManager$3
instanceKlass javax/swing/RepaintManager$2
instanceKlass java/awt/KeyboardFocusManager$LightweightFocusRequest
instanceKlass java/awt/DefaultKeyboardFocusManager$TypeAheadMarker
instanceKlass java/awt/KeyboardFocusManager$HeavyweightFocusRequest
instanceKlass org/jvnet/lafwidget/text/PasswordStrengthCheckerWidget$1
instanceKlass org/jvnet/substance/SubstancePasswordFieldUI$1
instanceKlass org/jvnet/lafwidget/text/LockBorderWidget$1$1
instanceKlass org/jvnet/lafwidget/text/LockBorderWidget$1
instanceKlass java/awt/event/FocusAdapter
instanceKlass org/jvnet/substance/SubstanceTextFieldUI$1
instanceKlass javax/swing/TimerQueue$1
instanceKlass java/util/concurrent/BlockingQueue
instanceKlass javax/swing/TimerQueue
instanceKlass org/jvnet/lafwidget/animation/effects/IconGlowListener$1
instanceKlass org/jvnet/lafwidget/animation/effects/IconGlowListener
instanceKlass org/jvnet/lafwidget/animation/effects/IconGlowWidget$1
instanceKlass org/jvnet/lafwidget/animation/effects/GhostingListener$2
instanceKlass org/jvnet/lafwidget/animation/effects/GhostingListener
instanceKlass org/jvnet/lafwidget/animation/effects/GhostFadeWidget$1
instanceKlass org/jvnet/lafwidget/animation/FadeStateListener$2
instanceKlass org/jvnet/lafwidget/animation/FadeStateListener$1
instanceKlass org/jvnet/lafwidget/animation/FadeTrackerAdapter
instanceKlass org/jvnet/lafwidget/animation/FadeStateListener
instanceKlass org/jvnet/substance/SubstanceButtonUI$1
instanceKlass java/awt/PointerInfo
instanceKlass org/jvnet/substance/SubstanceButtonBorder
instanceKlass javax/swing/plaf/basic/BasicBorders
instanceKlass org/jvnet/substance/SubstanceLabelUI$2
instanceKlass org/jvnet/substance/SubstanceFillBackgroundDelegate
instanceKlass org/jvnet/substance/SubstanceRootPaneUI$1
instanceKlass sun/awt/GlobalCursorManager$NativeUpdater
instanceKlass sun/awt/GlobalCursorManager
instanceKlass java/io/ObjectStreamConstants
instanceKlass java/io/ObjectInput
instanceKlass java/awt/SequencedEvent$1
instanceKlass sun/awt/AWTAccessor$SequencedEventAccessor
instanceKlass org/jvnet/substance/SubstanceLookAndFeel$4
instanceKlass org/jvnet/substance/utils/SubstanceHighlightManager
instanceKlass java/awt/geom/Path2D$Iterator
instanceKlass java/awt/geom/EllipseIterator
instanceKlass sun/dc/pr/Rasterizer$ConsumerDisposer
instanceKlass sun/dc/pr/PathFiller$1
instanceKlass sun/dc/pr/PathFiller
instanceKlass sun/dc/pr/Rasterizer
instanceKlass sun/java2d/pipe/AATileGenerator
instanceKlass org/jvnet/substance/SubstanceImageCreator
instanceKlass org/jvnet/substance/utils/SubstanceThemeUtilities$1
instanceKlass org/jvnet/substance/painter/decoration/SubstanceDecorationUtilities
instanceKlass javax/swing/UIDefaults$ProxyLazyValue
instanceKlass org/jvnet/substance/plugin/BasePlugin$2
instanceKlass org/jvnet/substance/plugin/BasePlugin$1
instanceKlass org/jvnet/substance/theme/SubstanceTheme$24
instanceKlass org/jvnet/substance/theme/SubstanceTheme$23
instanceKlass org/jvnet/substance/SubstanceEtchedBorder
instanceKlass javax/swing/event/RowSorterListener
instanceKlass javax/swing/event/CellEditorListener
instanceKlass javax/swing/event/ListSelectionListener
instanceKlass javax/swing/event/TableColumnModelListener
instanceKlass javax/swing/event/TableModelListener
instanceKlass org/jvnet/substance/scroll/SubstanceScrollPaneBorder
instanceKlass org/jvnet/substance/utils/icon/RadioButtonMenuItemIcon
instanceKlass org/jvnet/substance/theme/SubstanceTheme$22
instanceKlass org/jvnet/substance/theme/SubstanceTheme$21
instanceKlass org/jvnet/substance/theme/SubstanceTheme$20
instanceKlass org/jvnet/substance/theme/SubstanceTheme$19
instanceKlass org/jvnet/substance/theme/SubstanceTheme$18
instanceKlass org/jvnet/substance/theme/SubstanceTheme$17
instanceKlass org/jvnet/substance/theme/SubstanceTheme$16
instanceKlass org/jvnet/substance/theme/SubstanceTheme$15
instanceKlass org/jvnet/substance/theme/SubstanceTheme$14
instanceKlass javax/swing/plaf/BorderUIResource
instanceKlass org/jvnet/substance/theme/SubstanceTheme$13
instanceKlass org/jvnet/substance/theme/SubstanceTheme$12
instanceKlass org/jvnet/substance/theme/SubstanceTheme$11
instanceKlass org/jvnet/substance/theme/SubstanceTheme$10
instanceKlass org/jvnet/substance/theme/SubstanceTheme$9
instanceKlass org/jvnet/substance/theme/SubstanceTheme$8
instanceKlass org/jvnet/substance/theme/SubstanceTheme$7
instanceKlass org/jvnet/substance/theme/SubstanceTheme$6
instanceKlass org/jvnet/substance/theme/SubstanceTheme$5
instanceKlass org/jvnet/substance/theme/SubstanceTheme$4
instanceKlass org/jvnet/substance/utils/icon/CheckBoxMenuItemIcon
instanceKlass org/jvnet/substance/theme/SubstanceTheme$3
instanceKlass javax/swing/plaf/IconUIResource
instanceKlass org/jvnet/substance/SubstanceBorder
instanceKlass org/jvnet/substance/theme/SubstanceTheme$25
instanceKlass org/jvnet/substance/utils/SubstanceColorUtilities$1
instanceKlass org/jvnet/substance/theme/SubstanceTheme$2
instanceKlass org/jvnet/substance/theme/SubstanceTheme$1
instanceKlass org/jvnet/substance/fonts/SubstanceFontUtilities$SubstanceFontSet
instanceKlass org/jvnet/substance/fonts/FontSets$DefaultFontSet
instanceKlass org/jvnet/substance/fonts/FontSets
instanceKlass java/util/Locale$LocaleNameGetter
instanceKlass org/jvnet/substance/fonts/Fonts
instanceKlass org/jvnet/substance/fonts/FontSet
instanceKlass org/jvnet/substance/fonts/SubstanceFontUtilities$2
instanceKlass org/jvnet/substance/fonts/FontPolicies$CustomSettingsPolicy
instanceKlass org/jvnet/substance/fonts/DefaultGnomeFontPolicy
instanceKlass org/jvnet/substance/utils/SubstanceSizeUtils
instanceKlass org/jvnet/substance/fonts/FontPolicies$DefaultWindowsPolicy
instanceKlass org/jvnet/substance/fonts/DefaultKDEFontPolicy
instanceKlass org/jvnet/substance/fonts/FontPolicies$DefaultPlasticOnWindowsPolicy
instanceKlass org/jvnet/substance/fonts/FontPolicies
instanceKlass org/jvnet/substance/fonts/FontPolicy
instanceKlass org/jvnet/substance/fonts/SubstanceFontUtilities
instanceKlass org/jvnet/substance/SubstanceLookAndFeel$3
instanceKlass javax/swing/table/TableCellEditor
instanceKlass javax/swing/tree/TreeCellEditor
instanceKlass javax/swing/CellEditor
instanceKlass javax/swing/table/TableCellRenderer
instanceKlass javax/swing/tree/TreeCellRenderer
instanceKlass javax/swing/ListCellRenderer
instanceKlass javax/swing/ScrollPaneConstants
instanceKlass java/util/ArrayList$SubList$1
instanceKlass org/jvnet/lafwidget/LafWidgetRepository$LafWidgetClassInfo
instanceKlass javax/swing/event/ListDataListener
instanceKlass org/jvnet/lafwidget/animation/FadeIgnoreManager
instanceKlass org/jvnet/lafwidget/LafWidgetRepository
instanceKlass org/jvnet/substance/plugin/BasePlugin
instanceKlass org/jvnet/lafplugin/LafComponentPlugin
instanceKlass org/jvnet/lafwidget/menu/MenuSearchWidget$2
instanceKlass org/jvnet/lafwidget/LafWidgetAdapter
instanceKlass org/jvnet/lafwidget/LafWidget
instanceKlass org/jvnet/lafwidget/Resettable
instanceKlass org/jvnet/substance/painter/GradientPainterChangeListener
instanceKlass org/jvnet/substance/border/BorderPainterChangeListener
instanceKlass org/jvnet/substance/button/ButtonShaperChangeListener
instanceKlass org/jvnet/substance/watermark/WatermarkChangeListener
instanceKlass org/jvnet/substance/border/NullBorderPainter
instanceKlass org/jvnet/substance/plugin/BaseBorderPainterPlugin
instanceKlass org/jvnet/substance/plugin/SubstanceBorderPainterPlugin
instanceKlass org/jvnet/substance/painter/SpecularWaveGradientPainter$1
instanceKlass org/jvnet/substance/painter/GradientWaveGradientPainter$1
instanceKlass org/jvnet/substance/painter/WaveDelegateGradientPainter$ColorSchemeTransformation
instanceKlass org/jvnet/substance/plugin/BaseGradientPainterPlugin
instanceKlass org/jvnet/substance/plugin/SubstanceGradientPainterPlugin
instanceKlass org/jvnet/substance/plugin/BaseButtonShaperPlugin
instanceKlass org/jvnet/substance/plugin/SubstanceButtonShaperPlugin
instanceKlass sun/java2d/pipe/AlphaPaintPipe$TileContext
instanceKlass java/awt/ColorPaintContext
instanceKlass java/awt/PaintContext
instanceKlass org/jvnet/substance/plugin/BaseWatermarkPlugin
instanceKlass org/jvnet/substance/plugin/SubstanceWatermarkPlugin
instanceKlass org/jvnet/substance/painter/decoration/ClassicDecorationPainter
instanceKlass org/jvnet/lafwidget/animation/FadeStep
instanceKlass org/jvnet/substance/utils/Sideable
instanceKlass java/awt/Adjustable
instanceKlass org/jvnet/substance/utils/Trackable
instanceKlass org/jvnet/substance/utils/PairwiseButtonBackgroundDelegate
instanceKlass org/jvnet/substance/utils/ButtonBackgroundDelegate
instanceKlass org/jvnet/substance/utils/icon/SubstanceIconFactory
instanceKlass org/jvnet/substance/plugin/BaseThemePlugin
instanceKlass org/jvnet/substance/plugin/SubstanceThemePlugin
instanceKlass org/jvnet/lafplugin/LafPlugin
instanceKlass java/util/Vector$1
instanceKlass org/jvnet/lafplugin/XMLElement
instanceKlass org/jvnet/lafwidget/utils/LookUtils
instanceKlass javax/swing/PopupFactory
instanceKlass org/jvnet/substance/utils/params/JvmFlagsParamReader
instanceKlass org/jvnet/lafplugin/PluginManager
instanceKlass java/io/RandomAccessFile$1
instanceKlass javax/imageio/metadata/IIOMetadata
instanceKlass javax/imageio/IIOParam
instanceKlass javax/imageio/ImageIO$ImageReaderIterator
instanceKlass java/lang/Long$LongCache
instanceKlass javax/imageio/spi/FilterIterator
instanceKlass javax/imageio/ImageIO$CanDecodeInputFilter
instanceKlass javax/imageio/spi/ServiceRegistry$Filter
instanceKlass javax/imageio/stream/FileCacheImageInputStream$StreamDisposerRecord
instanceKlass com/sun/imageio/stream/StreamCloser$2
instanceKlass com/sun/imageio/stream/StreamCloser$1
instanceKlass com/sun/imageio/stream/StreamCloser$CloseAction
instanceKlass com/sun/imageio/stream/StreamCloser
instanceKlass sun/nio/fs/WindowsChannelFactory$2
instanceKlass java/util/RegularEnumSet$EnumSetIterator
instanceKlass sun/nio/fs/WindowsChannelFactory$Flags
instanceKlass sun/nio/fs/WindowsChannelFactory$1
instanceKlass sun/nio/fs/WindowsChannelFactory
instanceKlass sun/nio/fs/WindowsSecurityDescriptor
instanceKlass java/nio/file/OpenOption
instanceKlass sun/nio/fs/WindowsPath$1
instanceKlass sun/nio/fs/BasicFileAttributesHolder
instanceKlass sun/nio/fs/WindowsDirectoryStream$WindowsDirectoryIterator
instanceKlass sun/nio/fs/WindowsFileAttributes
instanceKlass java/nio/file/attribute/DosFileAttributes
instanceKlass java/nio/file/attribute/BasicFileAttributes
instanceKlass sun/nio/fs/NativeBuffer$Deallocator
instanceKlass sun/nio/fs/NativeBuffer
instanceKlass sun/nio/fs/NativeBuffers
instanceKlass sun/nio/fs/WindowsNativeDispatcher$BackupResult
instanceKlass sun/nio/fs/WindowsNativeDispatcher$CompletionStatus
instanceKlass sun/nio/fs/WindowsNativeDispatcher$AclInformation
instanceKlass sun/nio/fs/WindowsNativeDispatcher$Account
instanceKlass sun/nio/fs/WindowsNativeDispatcher$DiskFreeSpace
instanceKlass sun/nio/fs/WindowsNativeDispatcher$VolumeInformation
instanceKlass sun/nio/fs/WindowsNativeDispatcher$FirstStream
instanceKlass sun/nio/fs/WindowsNativeDispatcher$FirstFile
instanceKlass sun/nio/fs/WindowsNativeDispatcher$1
instanceKlass sun/nio/fs/WindowsNativeDispatcher
instanceKlass sun/nio/fs/WindowsDirectoryStream
instanceKlass java/nio/file/DirectoryStream
instanceKlass java/nio/file/Files$AcceptAllFilter
instanceKlass java/nio/file/DirectoryStream$Filter
instanceKlass java/net/InetAddress$CacheEntry
instanceKlass sun/net/InetAddressCachePolicy$2
instanceKlass sun/security/action/GetIntegerAction
instanceKlass sun/net/InetAddressCachePolicy$1
instanceKlass sun/net/InetAddressCachePolicy
instanceKlass java/net/Inet4AddressImpl
instanceKlass java/net/Inet6Address$Inet6AddressHolder
instanceKlass java/net/InetAddress$2
instanceKlass sun/net/spi/nameservice/NameService
instanceKlass java/net/Inet6AddressImpl
instanceKlass java/net/InetAddressImpl
instanceKlass java/net/InetAddressImplFactory
instanceKlass java/net/InetAddress$Cache
instanceKlass java/net/InetAddress$InetAddressHolder
instanceKlass java/net/InetAddress$1
instanceKlass java/net/InetAddress
instanceKlass sun/security/provider/ByteArrayAccess
instanceKlass java/lang/StringCoding$StringEncoder
instanceKlass sun/security/provider/SeedGenerator$1
instanceKlass sun/security/provider/SeedGenerator
instanceKlass sun/security/provider/SecureRandom$SeederHolder
instanceKlass sun/security/jca/GetInstance$Instance
instanceKlass java/security/MessageDigestSpi
instanceKlass sun/security/provider/SecureRandom$1
instanceKlass sun/security/jca/GetInstance
instanceKlass java/security/SecureRandomSpi
instanceKlass java/security/Provider$UString
instanceKlass java/security/Provider$Service
instanceKlass sun/security/provider/NativePRNG$NonBlocking
instanceKlass sun/security/provider/NativePRNG$Blocking
instanceKlass sun/security/provider/NativePRNG
instanceKlass sun/security/provider/SunEntries$1
instanceKlass sun/security/provider/SunEntries
instanceKlass sun/security/jca/ProviderConfig$2
instanceKlass java/security/Security$1
instanceKlass java/security/Security
instanceKlass sun/security/jca/ProviderList$2
instanceKlass java/security/Provider$EngineDescription
instanceKlass java/security/Provider$ServiceKey
instanceKlass sun/security/jca/ProviderConfig
instanceKlass sun/security/jca/ProviderList
instanceKlass sun/security/jca/Providers
instanceKlass java/util/Random
instanceKlass sun/nio/fs/AbstractPath
instanceKlass java/net/URI$Parser
instanceKlass java/net/URI
instanceKlass sun/nio/fs/Util
instanceKlass sun/nio/fs/WindowsPathParser$Result
instanceKlass sun/nio/fs/WindowsPathParser
instanceKlass java/util/AbstractList$Itr
instanceKlass java/nio/file/FileSystem
instanceKlass java/nio/file/spi/FileSystemProvider
instanceKlass sun/nio/fs/DefaultFileSystemProvider
instanceKlass java/nio/file/FileSystems$DefaultFileSystemHolder$1
instanceKlass java/nio/file/FileSystems$DefaultFileSystemHolder
instanceKlass java/nio/file/FileSystems
instanceKlass java/nio/file/Paths
instanceKlass java/nio/file/TempFileHelper
instanceKlass java/nio/file/Files
instanceKlass javax/imageio/stream/ImageInputStreamImpl
instanceKlass javax/imageio/ImageIO$CacheInfo
instanceKlass javax/imageio/spi/PartialOrderIterator
instanceKlass javax/imageio/ImageTypeSpecifier
instanceKlass javax/imageio/ImageWriter
instanceKlass javax/imageio/ImageTranscoder
instanceKlass javax/imageio/metadata/IIOMetadataFormat
instanceKlass javax/imageio/ImageReader
instanceKlass javax/imageio/spi/IIORegistry$1
instanceKlass com/sun/imageio/plugins/jpeg/JPEG
instanceKlass javax/imageio/stream/ImageOutputStream
instanceKlass javax/imageio/spi/DigraphNode
instanceKlass javax/imageio/stream/ImageInputStream
instanceKlass javax/imageio/spi/SubRegistry
instanceKlass java/util/Vector$Itr
instanceKlass javax/imageio/spi/IIOServiceProvider
instanceKlass javax/imageio/spi/RegisterableService
instanceKlass javax/imageio/spi/ServiceRegistry
instanceKlass javax/imageio/ImageIO
instanceKlass org/jvnet/substance/painter/decoration/ImageWrapperDecorationPainter
instanceKlass org/jvnet/substance/border/StandardBorderPainter
instanceKlass org/jvnet/substance/border/InnerDelegateBorderPainter
instanceKlass org/jvnet/substance/watermark/SubstanceStripeWatermark
instanceKlass org/jvnet/substance/button/BaseButtonShaper
instanceKlass org/jvnet/substance/button/RectangularButtonShaper
instanceKlass org/jvnet/substance/utils/SubstanceThemeUtilities$ColorizationSupport
instanceKlass org/jvnet/substance/utils/SubstanceThemeUtilities
instanceKlass org/jvnet/substance/theme/transform/ThemeTransform
instanceKlass sun/misc/FDBigInteger
instanceKlass org/jvnet/lafwidget/animation/FadeTrackerCallback
instanceKlass javax/swing/MenuElement
instanceKlass org/jvnet/substance/painter/text/SubstanceTextPainter$BackgroundPaintingCallback
instanceKlass org/jvnet/substance/utils/icon/TransitionAwareIcon$Delegate
instanceKlass org/jvnet/substance/utils/SubstanceCoreUtilities
instanceKlass org/jvnet/substance/utils/SubstanceColorUtilities
instanceKlass org/jvnet/substance/color/BaseColorScheme
instanceKlass org/jvnet/substance/color/ColorScheme
instanceKlass org/jvnet/substance/skin/SubstanceAbstractSkin
instanceKlass org/jvnet/substance/skin/SubstanceSkin
instanceKlass org/jvnet/substance/painter/decoration/Glass3DDecorationPainter
instanceKlass org/jvnet/substance/painter/BaseGradientPainter
instanceKlass org/jvnet/substance/painter/highlight/ClassicHighlightPainter
instanceKlass org/jvnet/substance/painter/text/AbstractTextPainter
instanceKlass org/jvnet/lafwidget/animation/FadeConfigurationManager
instanceKlass org/jvnet/lafwidget/animation/FadeKind
instanceKlass org/jvnet/substance/SubstanceLookAndFeel$2
instanceKlass org/jvnet/substance/utils/LocaleChangeListener
instanceKlass org/jvnet/substance/SubstanceLookAndFeel$1
instanceKlass org/jvnet/substance/theme/ThemeChangeListener
instanceKlass org/jvnet/substance/utils/params/ParamReader
instanceKlass org/jvnet/substance/painter/decoration/SubstanceDecorationPainter
instanceKlass org/jvnet/substance/painter/highlight/SubstanceHighlightPainter
instanceKlass org/jvnet/substance/painter/text/SubstanceTextPainter
instanceKlass org/jvnet/lafwidget/LafWidgetSupport
instanceKlass org/jvnet/substance/border/SubstanceBorderPainter
instanceKlass org/jvnet/substance/painter/SubstanceGradientPainter
instanceKlass org/jvnet/substance/button/SubstanceButtonShaper
instanceKlass org/jvnet/substance/watermark/SubstanceWatermark
instanceKlass org/jvnet/substance/theme/SubstanceTheme
instanceKlass org/jvnet/substance/utils/SubstanceTrait
instanceKlass org/jvnet/substance/utils/AbstractTraitInfo
instanceKlass org/jvnet/substance/utils/SubstanceTraitInfo
instanceKlass org/jvnet/substance/painter/ControlBackgroundComposite
instanceKlass sun/security/util/ManifestEntryVerifier
instanceKlass sun/security/util/SignatureFileVerifier
instanceKlass java/util/jar/JarVerifier$3
instanceKlass java/security/CodeSigner
instanceKlass java/util/jar/JarVerifier
instanceKlass sun/misc/ASCIICaseInsensitiveComparator
instanceKlass java/util/jar/Attributes$Name
instanceKlass java/util/jar/Attributes
instanceKlass java/util/jar/Manifest
instanceKlass java/awt/EventQueue$4
instanceKlass javax/swing/RepaintManager$1$1
instanceKlass java/util/LinkedList$ListItr
instanceKlass javax/swing/plaf/basic/BasicGraphicsUtils
instanceKlass javax/swing/plaf/metal/MetalLookAndFeel$1
instanceKlass javax/swing/LayoutStyle
instanceKlass java/util/ListIterator
instanceKlass javax/swing/GroupLayout$SpringDelta
instanceKlass javax/swing/GroupLayout$1
instanceKlass javax/swing/text/Utilities
instanceKlass javax/swing/text/Segment
instanceKlass java/text/CharacterIterator
instanceKlass javax/swing/text/SegmentCache
instanceKlass sun/font/SunFontManager$5
instanceKlass sun/font/SunFontManager$FamilyDescription
instanceKlass sun/font/FontDesignMetrics$MetricsKey
instanceKlass java/awt/FontMetrics
instanceKlass javax/swing/GroupLayout$AutoPreferredGapMatch
instanceKlass sun/awt/NullComponentPeer
instanceKlass java/awt/peer/LightweightPeer
instanceKlass sun/awt/im/ExecutableInputMethodManager$3
instanceKlass sun/awt/im/InputMethodLocator
instanceKlass sun/awt/windows/WInputMethodDescriptor
instanceKlass java/awt/im/spi/InputMethodDescriptor
instanceKlass sun/awt/im/InputMethodManager
instanceKlass sun/awt/FontConfiguration$2
instanceKlass sun/awt/NativeLibLoader$1
instanceKlass sun/awt/NativeLibLoader
instanceKlass sun/awt/PlatformFont
instanceKlass java/awt/peer/FontPeer
instanceKlass sun/awt/windows/WColor
instanceKlass sun/java2d/StateTracker$2
instanceKlass sun/java2d/StateTracker$1
instanceKlass sun/java2d/StateTracker
instanceKlass sun/java2d/SurfaceDataProxy
instanceKlass sun/awt/image/SurfaceManager$FlushableCacheData
instanceKlass sun/java2d/windows/GDIRenderer
instanceKlass sun/java2d/pipe/hw/AccelGraphicsConfig
instanceKlass sun/java2d/pipe/hw/BufferedContextProvider
instanceKlass sun/java2d/d3d/D3DScreenUpdateManager$1$1
instanceKlass sun/java2d/d3d/D3DScreenUpdateManager$1
instanceKlass sun/java2d/ScreenUpdateManager
instanceKlass javax/swing/RepaintManager$1
instanceKlass sun/awt/windows/WComponentPeer$2
instanceKlass sun/awt/im/InputMethodWindow
instanceKlass sun/awt/ExtendedKeyCodes
instanceKlass sun/awt/RepaintArea
instanceKlass sun/awt/windows/WWindowPeer$GuiDisposedListener
instanceKlass sun/awt/windows/WWindowPeer$ActiveWindowListener
instanceKlass java/awt/peer/CanvasPeer
instanceKlass java/awt/peer/PanelPeer
instanceKlass java/awt/peer/FramePeer
instanceKlass java/awt/peer/WindowPeer
instanceKlass java/awt/peer/ContainerPeer
instanceKlass java/util/concurrent/locks/LockSupport
instanceKlass java/awt/TrayIcon
instanceKlass java/awt/MenuComponent
instanceKlass java/awt/EventQueue$3
instanceKlass sun/awt/dnd/SunDragSourceContextPeer
instanceKlass java/awt/dnd/peer/DragSourceContextPeer
instanceKlass javax/swing/GroupLayout$ComponentInfo
instanceKlass sun/awt/EventQueueDelegate
instanceKlass java/awt/ModalEventFilter
instanceKlass java/awt/EventDispatchThread$HierarchyEventFilter
instanceKlass java/awt/EventFilter
instanceKlass java/awt/EventDispatchThread$1
instanceKlass java/awt/Conditional
instanceKlass java/awt/EventQueue$5
instanceKlass java/awt/event/InvocationEvent$1
instanceKlass sun/awt/AWTAccessor$InvocationEventAccessor
instanceKlass java/awt/ActiveEvent
instanceKlass javax/swing/JComponent$2
instanceKlass javax/swing/GroupLayout
instanceKlass java/awt/event/KeyAdapter
instanceKlass java/awt/event/MouseMotionAdapter
instanceKlass javax/swing/ToolTipManager$stillInsideTimerAction
instanceKlass javax/swing/ToolTipManager$outsideTimerAction
instanceKlass javax/swing/ToolTipManager$insideTimerAction
instanceKlass java/awt/image/BufferedImage$1
instanceKlass sun/awt/image/PNGImageDecoder$Chromaticities
instanceKlass sun/awt/image/ImageDecoder
instanceKlass java/text/DontCareFieldPosition$1
instanceKlass java/text/Format$FieldDelegate
instanceKlass java/text/DigitList
instanceKlass java/text/FieldPosition
instanceKlass java/util/Currency$CurrencyNameGetter
instanceKlass java/util/Currency$1
instanceKlass java/util/Currency
instanceKlass java/text/DecimalFormatSymbols
instanceKlass java/util/concurrent/atomic/AtomicMarkableReference$Pair
instanceKlass java/util/concurrent/atomic/AtomicMarkableReference
instanceKlass java/util/Collections$EmptyIterator
instanceKlass sun/util/locale/LanguageTag
instanceKlass java/text/DateFormatSymbols
instanceKlass java/util/ResourceBundle$Control$1
instanceKlass sun/util/resources/LocaleData$1
instanceKlass sun/util/resources/LocaleData
instanceKlass sun/util/locale/provider/LocaleResources
instanceKlass sun/util/locale/provider/CalendarDataUtility$CalendarWeekParameterGetter
instanceKlass sun/util/locale/provider/LocaleServiceProviderPool$LocalizedObjectGetter
instanceKlass sun/util/locale/provider/SPILocaleProviderAdapter$1
instanceKlass sun/util/locale/provider/LocaleServiceProviderPool
instanceKlass sun/util/locale/provider/CalendarDataUtility
instanceKlass java/util/Calendar$Builder
instanceKlass sun/util/locale/provider/JRELocaleProviderAdapter$1
instanceKlass sun/util/locale/provider/LocaleDataMetaInfo
instanceKlass sun/util/locale/provider/AvailableLanguageTags
instanceKlass sun/util/locale/provider/LocaleProviderAdapter$1
instanceKlass java/util/Collections$UnmodifiableCollection$1
instanceKlass sun/util/locale/provider/ResourceBundleBasedAdapter
instanceKlass sun/util/locale/provider/LocaleProviderAdapter
instanceKlass java/util/spi/LocaleServiceProvider
instanceKlass java/util/Calendar
instanceKlass java/text/Format
instanceKlass java/net/URLConnection$1
instanceKlass sun/net/www/MimeEntry
instanceKlass sun/net/www/MimeTable$DefaultInstanceHolder$1
instanceKlass sun/net/www/MimeTable$DefaultInstanceHolder
instanceKlass sun/net/www/MimeTable$1
instanceKlass sun/net/www/MimeTable
instanceKlass java/net/FileNameMap
instanceKlass sun/net/DefaultProgressMeteringPolicy
instanceKlass sun/net/ProgressMeteringPolicy
instanceKlass sun/net/ProgressMonitor
instanceKlass sun/awt/image/ImageFetcher$1
instanceKlass sun/awt/image/FetcherInfo
instanceKlass sun/awt/image/ImageConsumerQueue
instanceKlass sun/awt/image/ImageWatched$Link
instanceKlass sun/awt/image/ImageWatched
instanceKlass java/awt/image/ImageConsumer
instanceKlass java/awt/MediaEntry
instanceKlass sun/awt/image/InputStreamImageSource
instanceKlass sun/awt/image/ImageFetchable
instanceKlass java/awt/image/ImageProducer
instanceKlass java/net/URLClassLoader$2
instanceKlass java/awt/MediaTracker
instanceKlass javax/accessibility/AccessibleContext
instanceKlass sun/awt/EventQueueItem
instanceKlass java/awt/image/BufferStrategy
instanceKlass javax/swing/ImageIcon$2
instanceKlass javax/swing/ImageIcon$1
instanceKlass javax/swing/ImageIcon
instanceKlass javax/swing/BorderFactory
instanceKlass javax/swing/JTextField$ScrollRepainter
instanceKlass javax/swing/DefaultBoundedRangeModel
instanceKlass javax/swing/BoundedRangeModel
instanceKlass javax/swing/plaf/synth/SynthUI
instanceKlass javax/swing/plaf/synth/SynthConstants
instanceKlass sun/reflect/ClassDefiner$1
instanceKlass sun/reflect/ClassDefiner
instanceKlass sun/reflect/MethodAccessorGenerator$1
instanceKlass sun/reflect/Label$PatchInfo
instanceKlass sun/reflect/Label
instanceKlass sun/reflect/UTF8
instanceKlass sun/reflect/ClassFileAssembler
instanceKlass sun/reflect/ByteVectorImpl
instanceKlass sun/reflect/ByteVector
instanceKlass sun/reflect/ByteVectorFactory
instanceKlass sun/reflect/AccessorGenerator
instanceKlass sun/reflect/ClassFileConstants
instanceKlass javax/swing/text/JTextComponent$DefaultKeymap
instanceKlass javax/swing/text/Keymap
instanceKlass javax/swing/text/TabExpander
instanceKlass javax/swing/text/StyleContext$KeyEnumeration
instanceKlass javax/swing/text/GapContent$StickyPosition
instanceKlass javax/swing/text/Position
instanceKlass javax/swing/text/AbstractDocument$1
instanceKlass javax/swing/text/AbstractDocument$AbstractElement
instanceKlass javax/swing/tree/TreeNode
instanceKlass java/util/Collections$3
instanceKlass javax/swing/text/StyleContext$SmallAttributeSet
instanceKlass java/util/Collections$EmptyEnumeration
instanceKlass javax/swing/text/StyleContext$NamedStyle
instanceKlass javax/swing/text/Style
instanceKlass javax/swing/text/SimpleAttributeSet$EmptyAttributeSet
instanceKlass javax/swing/text/SimpleAttributeSet
instanceKlass javax/swing/text/MutableAttributeSet
instanceKlass javax/swing/text/AttributeSet
instanceKlass javax/swing/text/StyleContext$FontKey
instanceKlass javax/swing/text/AttributeSet$ParagraphAttribute
instanceKlass javax/swing/text/AttributeSet$ColorAttribute
instanceKlass javax/swing/text/AttributeSet$FontAttribute
instanceKlass javax/swing/text/AttributeSet$CharacterAttribute
instanceKlass javax/swing/text/StyleConstants
instanceKlass javax/swing/text/StyleContext
instanceKlass javax/swing/text/AbstractDocument$AttributeContext
instanceKlass javax/swing/text/GapVector
instanceKlass javax/swing/text/AbstractDocument$Content
instanceKlass javax/swing/text/AbstractDocument
instanceKlass javax/swing/TransferHandler$TransferSupport
instanceKlass javax/swing/TransferHandler$DropHandler
instanceKlass java/awt/datatransfer/SystemFlavorMap
instanceKlass java/awt/datatransfer/FlavorTable
instanceKlass java/awt/datatransfer/FlavorMap
instanceKlass java/awt/dnd/DropTargetContext
instanceKlass java/awt/dnd/DropTarget
instanceKlass java/awt/dnd/DropTargetListener
instanceKlass javax/swing/ClientPropertyKey$1
instanceKlass sun/awt/AWTAccessor$ClientPropertyKeyAccessor
instanceKlass javax/swing/text/DefaultHighlighter$SafeDamager
instanceKlass javax/swing/text/LayeredHighlighter$LayerPainter
instanceKlass javax/swing/text/Highlighter$HighlightPainter
instanceKlass javax/swing/text/Highlighter$Highlight
instanceKlass javax/swing/text/LayeredHighlighter
instanceKlass javax/swing/text/Highlighter
instanceKlass javax/swing/Timer$DoPostEvent
instanceKlass javax/swing/Timer
instanceKlass javax/swing/text/Document
instanceKlass javax/swing/text/DefaultCaret$Handler
instanceKlass java/awt/datatransfer/ClipboardOwner
instanceKlass javax/swing/text/Caret
instanceKlass java/awt/event/MouseAdapter
instanceKlass javax/swing/event/MouseInputListener
instanceKlass javax/swing/plaf/basic/DragRecognitionSupport$BeforeDrag
instanceKlass javax/swing/plaf/basic/BasicTextUI$UpdateHandler
instanceKlass javax/swing/event/DocumentListener
instanceKlass javax/swing/text/View
instanceKlass javax/swing/text/Element
instanceKlass javax/swing/text/Position$Bias
instanceKlass sun/swing/UIAction
instanceKlass javax/swing/TransferHandler
instanceKlass javax/swing/text/EditorKit
instanceKlass javax/swing/text/ViewFactory
instanceKlass javax/swing/AbstractAction
instanceKlass javax/swing/Action
instanceKlass sun/swing/SwingAccessor
instanceKlass javax/swing/text/JTextComponent$1
instanceKlass sun/swing/SwingAccessor$JTextComponentAccessor
instanceKlass java/beans/VetoableChangeListener
instanceKlass javax/swing/event/AncestorListener
instanceKlass java/awt/AWTEventMulticaster
instanceKlass java/awt/event/MouseWheelListener
instanceKlass java/awt/event/HierarchyBoundsListener
instanceKlass java/awt/event/HierarchyListener
instanceKlass java/awt/event/InputMethodListener
instanceKlass java/awt/event/TextListener
instanceKlass java/awt/event/AdjustmentListener
instanceKlass java/awt/event/WindowStateListener
instanceKlass java/awt/event/WindowFocusListener
instanceKlass java/awt/event/WindowListener
instanceKlass java/awt/event/KeyListener
instanceKlass java/awt/event/ContainerListener
instanceKlass java/awt/event/ComponentListener
instanceKlass javax/swing/plaf/basic/BasicButtonListener
instanceKlass java/awt/event/FocusListener
instanceKlass java/awt/event/MouseMotionListener
instanceKlass javax/swing/plaf/metal/MetalBorders
instanceKlass javax/swing/AbstractButton$Handler
instanceKlass java/awt/event/ItemListener
instanceKlass javax/swing/event/ChangeListener
instanceKlass java/awt/event/ActionListener
instanceKlass javax/swing/DefaultButtonModel
instanceKlass javax/swing/ButtonModel
instanceKlass javax/swing/plaf/basic/BasicHTML
instanceKlass javax/swing/plaf/metal/DefaultMetalTheme$FontDelegate$1
instanceKlass javax/swing/ActionMap
instanceKlass java/awt/event/KeyEvent$1
instanceKlass sun/awt/AWTAccessor$KeyEventAccessor
instanceKlass java/awt/VKCollection
instanceKlass javax/swing/InputMap
instanceKlass javax/swing/LayoutComparator
instanceKlass javax/swing/RepaintManager$PaintManager
instanceKlass javax/swing/JRootPane$RootLayout
instanceKlass javax/swing/ArrayTable
instanceKlass com/sun/java/swing/SwingUtilities3
instanceKlass javax/swing/RepaintManager$ProcessingRunnable
instanceKlass sun/swing/SwingLazyValue$1
instanceKlass sun/reflect/misc/Trampoline
instanceKlass sun/net/www/protocol/jar/JarFileFactory
instanceKlass sun/net/www/protocol/jar/URLJarFile$URLJarFileCloseController
instanceKlass sun/reflect/misc/MethodUtil$1
instanceKlass javax/swing/plaf/ComponentUI
instanceKlass sun/util/ResourceBundleEnumeration
instanceKlass javax/swing/UIManager$2
instanceKlass sun/awt/PaintEventDispatcher
instanceKlass javax/swing/RepaintManager$DisplayChangedHandler
instanceKlass javax/swing/RepaintManager
instanceKlass javax/swing/plaf/metal/OceanTheme$6
instanceKlass javax/swing/plaf/metal/OceanTheme$5
instanceKlass javax/swing/plaf/metal/OceanTheme$4
instanceKlass javax/swing/plaf/metal/OceanTheme$3
instanceKlass javax/swing/plaf/metal/OceanTheme$2
instanceKlass javax/swing/plaf/metal/OceanTheme$1
instanceKlass java/util/EventListenerProxy
instanceKlass sun/swing/SwingUtilities2$AATextInfo
instanceKlass javax/swing/plaf/metal/MetalLookAndFeel$FontActiveValue
instanceKlass javax/swing/plaf/metal/MetalLookAndFeel$MetalLazyValue
instanceKlass java/lang/Character$CharacterCache
instanceKlass javax/swing/UIDefaults$LazyInputMap
